<?xml version="1.0" encoding="UTF-8"?>
<!-- Generated by org.testng.reporters.JUnitReportReporter -->
<testsuite hostname="Kalyan-Sai" failures="0" tests="1" name="com.hrms.TestScripts.TC001" time="68.777" errors="0" timestamp="2023-08-25T11:54:39 IST" skipped="0">
  <testcase classname="com.hrms.TestScripts.TC001" name="tc001" time="68.777">
    <system-out>
      <![CDATA[Application Opened
Tittle is not Matched
OrangeHRM - New Level of HR Management
Login completed
Tittle is not Matched
OrangeHRM
Logout Completed
Application Closed]]>
    </system-out>
  </testcase> <!-- tc001 -->
  <system-out>
    <![CDATA[Application Opened
Tittle is not Matched
OrangeHRM - New Level of HR Management
Login completed
Tittle is not Matched
OrangeHRM
Logout Completed
Application Closed]]>
  </system-out>
</testsuite> <!-- com.hrms.TestScripts.TC001 -->
