<?xml version="1.0" encoding="UTF-8"?>
<!-- Generated by org.testng.reporters.JUnitReportReporter -->
<testsuite hostname="Kalyan-Sai" failures="0" tests="2" name="testngexamples.TestNG_AddEmp" time="0.023" errors="0" timestamp="21 Aug 2023 11:33:40 GMT">
  <testcase classname="testngexamples.TestNG_AddEmp" name="addemp" time="0.017"/>
  <testcase classname="testngexamples.TestNG_AddEmp" name="deleteemp" time="0.006"/>
</testsuite> <!-- testngexamples.TestNG_AddEmp -->
