<?xml version="1.0" encoding="UTF-8"?>
<!-- Generated by org.testng.reporters.JUnitReportReporter -->
<testsuite hostname="Kalyan-Sai" failures="0" tests="2" name="testngexamples.BeforeMethod_TestNG" time="0.042" errors="0" timestamp="22 Aug 2023 06:19:45 GMT">
  <testcase classname="testngexamples.BeforeMethod_TestNG" name="deleteemp" time="0.006"/>
  <testcase classname="testngexamples.BeforeMethod_TestNG" name="addemp" time="0.036"/>
</testsuite> <!-- testngexamples.BeforeMethod_TestNG -->
