<?xml version="1.0" encoding="UTF-8"?>
<!-- Generated by org.testng.reporters.JUnitReportReporter -->
<testsuite hostname="Kalyan-Sai" failures="0" tests="1" name="testngexamples.WebDriverAndTestNG" time="9.205" errors="0" timestamp="22 Aug 2023 06:32:03 GMT">
  <testcase classname="testngexamples.WebDriverAndTestNG" name="tc001" time="9.205"/>
</testsuite> <!-- testngexamples.WebDriverAndTestNG -->
