<?xml version="1.0" encoding="UTF-8"?>
<!-- Generated by org.testng.reporters.JUnitReportReporter -->
<testsuite hostname="Kalyan-Sai" failures="0" tests="2" name="testngexamples.BeforeClass_TestNG" time="0.047" errors="0" timestamp="22 Aug 2023 06:13:36 GMT">
  <testcase classname="testngexamples.BeforeClass_TestNG" name="addemp" time="0.043"/>
  <testcase classname="testngexamples.BeforeClass_TestNG" name="deleteemp" time="0.004"/>
</testsuite> <!-- testngexamples.BeforeClass_TestNG -->
